0 info it worked if it ends with ok
1 verbose cli [ 'node', '/usr/local/bin/npm', 'install', '-g', 'particle-cli' ]
2 info using npm@2.11.3
3 info using node@v0.12.7
4 verbose install initial load of /usr/local/lib/package.json
5 verbose readDependencies loading dependencies from /usr/local/lib/package.json
6 silly cache add args [ 'particle-cli', null ]
7 verbose cache add spec particle-cli
8 silly cache add parsed spec { raw: 'particle-cli',
8 silly cache add   scope: null,
8 silly cache add   name: 'particle-cli',
8 silly cache add   rawSpec: '',
8 silly cache add   spec: '*',
8 silly cache add   type: 'range' }
9 silly addNamed particle-cli@*
10 verbose addNamed "*" is a valid semver range for particle-cli
11 silly addNameRange { name: 'particle-cli', range: '*', hasData: false }
12 silly mapToRegistry name particle-cli
13 silly mapToRegistry using default registry
14 silly mapToRegistry registry https://registry.npmjs.org/
15 silly mapToRegistry uri https://registry.npmjs.org/particle-cli
16 verbose addNameRange registry:https://registry.npmjs.org/particle-cli not in flight; fetching
17 verbose request uri https://registry.npmjs.org/particle-cli
18 verbose request no auth needed
19 info attempt registry request try #1 at 2:50:17 PM
20 verbose request id 11906ab083418740
21 verbose etag "8X3FKQ6W4239C29UNUZC59AYR"
22 http request GET https://registry.npmjs.org/particle-cli
23 http 304 https://registry.npmjs.org/particle-cli
24 silly get cb [ 304,
24 silly get   { date: 'Wed, 07 Oct 2015 19:50:19 GMT',
24 silly get     via: '1.1 varnish',
24 silly get     'cache-control': 'max-age=60',
24 silly get     etag: '"8X3FKQ6W4239C29UNUZC59AYR"',
24 silly get     age: '0',
24 silly get     connection: 'keep-alive',
24 silly get     'x-served-by': 'cache-ord1720-ORD',
24 silly get     'x-cache': 'MISS',
24 silly get     'x-cache-hits': '0',
24 silly get     'x-timer': 'S1444247419.019758,VS0,VE300',
24 silly get     vary: 'Accept' } ]
25 verbose etag https://registry.npmjs.org/particle-cli from cache
26 verbose get saving particle-cli to /Users/travis/.npm/registry.npmjs.org/particle-cli/.cache.json
27 silly addNameRange number 2 { name: 'particle-cli', range: '*', hasData: true }
28 silly addNameRange versions [ 'particle-cli',
28 silly addNameRange   [ '1.5.0',
28 silly addNameRange     '1.5.1',
28 silly addNameRange     '1.5.2',
28 silly addNameRange     '1.5.3',
28 silly addNameRange     '1.5.4',
28 silly addNameRange     '1.5.5',
28 silly addNameRange     '1.5.6',
28 silly addNameRange     '1.5.7',
28 silly addNameRange     '1.5.8',
28 silly addNameRange     '1.5.9',
28 silly addNameRange     '1.5.10',
28 silly addNameRange     '1.5.11',
28 silly addNameRange     '1.5.12',
28 silly addNameRange     '1.5.13',
28 silly addNameRange     '1.5.14',
28 silly addNameRange     '1.5.15',
28 silly addNameRange     '1.5.16',
28 silly addNameRange     '1.5.17',
28 silly addNameRange     '1.5.18',
28 silly addNameRange     '1.5.19',
28 silly addNameRange     '1.5.20',
28 silly addNameRange     '1.6.0',
28 silly addNameRange     '1.6.1',
28 silly addNameRange     '1.6.2',
28 silly addNameRange     '1.6.3',
28 silly addNameRange     '1.6.4',
28 silly addNameRange     '1.6.5',
28 silly addNameRange     '1.6.6',
28 silly addNameRange     '1.6.7',
28 silly addNameRange     '1.6.8',
28 silly addNameRange     '1.6.9',
28 silly addNameRange     '1.7.0',
28 silly addNameRange     '1.8.0',
28 silly addNameRange     '1.8.1',
28 silly addNameRange     '1.8.2',
28 silly addNameRange     '1.8.3',
28 silly addNameRange     '1.8.4',
28 silly addNameRange     '1.8.5',
28 silly addNameRange     '1.8.6',
28 silly addNameRange     '1.8.7',
28 silly addNameRange     '1.8.8' ] ]
29 silly addNamed particle-cli@1.8.8
30 verbose addNamed "1.8.8" is a plain semver version for particle-cli
31 silly cache afterAdd particle-cli@1.8.8
32 verbose afterAdd /Users/travis/.npm/particle-cli/1.8.8/package/package.json not in flight; writing
33 verbose afterAdd /Users/travis/.npm/particle-cli/1.8.8/package/package.json written
34 silly install resolved [ { name: 'particle-cli',
34 silly install resolved     description: 'Simple Node commandline application for working with your Particle devices and using the Particle Cloud',
34 silly install resolved     version: '1.8.8',
34 silly install resolved     author: { name: 'David Middlecamp' },
34 silly install resolved     repository:
34 silly install resolved      { type: 'git',
34 silly install resolved        url: 'git+https://github.com/spark/particle-cli.git' },
34 silly install resolved     license: 'LGPL-3.0',
34 silly install resolved     bin: { particle: './bin/particle.js' },
34 silly install resolved     main: './app.js',
34 silly install resolved     engines: { node: '0.10 - 0.12' },
34 silly install resolved     dependencies:
34 silly install resolved      { chalk: '^1.0.0',
34 silly install resolved        'cli-spinner': '^0.2.1',
34 silly install resolved        'cli-table': '^0.3.1',
34 silly install resolved        'fast-luhn': '^1.0.2',
34 silly install resolved        glob: '^4.2.1',
34 silly install resolved        'hogan.js': '^2.0.0',
34 silly install resolved        inquirer: '^0.8.2',
34 silly install resolved        lodash: '^3.10.1',
34 silly install resolved        moment: '^2.9.0',
34 silly install resolved        'node-wifiscanner2': '^1.1.0',
34 silly install resolved        request: '^2.46.0',
34 silly install resolved        serialport: '^1.5.0',
34 silly install resolved        'softap-setup': '^1.1.4',
34 silly install resolved        when: '^3.7.2',
34 silly install resolved        xtend: '^4.0.0' },
34 silly install resolved     scripts:
34 silly install resolved      { test: 'mocha test/',
34 silly install resolved        lint: 'eslint commands/*.js lib/*.js test/*.js' },
34 silly install resolved     contributors:
34 silly install resolved      [ [Object],
34 silly install resolved        [Object],
34 silly install resolved        [Object],
34 silly install resolved        [Object],
34 silly install resolved        [Object],
34 silly install resolved        [Object],
34 silly install resolved        [Object],
34 silly install resolved        [Object],
34 silly install resolved        [Object] ],
34 silly install resolved     preferGlobal: true,
34 silly install resolved     devDependencies:
34 silly install resolved      { eslint: '^1.1.0',
34 silly install resolved        mocha: '^2.2.5',
34 silly install resolved        proxyquire: '^1.6.0',
34 silly install resolved        should: '^7.0.2',
34 silly install resolved        sinon: '^1.15.4' },
34 silly install resolved     gitHead: '5c7aa18c0ec9bdee442af54e290717753d3427e7',
34 silly install resolved     bugs: { url: 'https://github.com/spark/particle-cli/issues' },
34 silly install resolved     homepage: 'https://github.com/spark/particle-cli#readme',
34 silly install resolved     _id: 'particle-cli@1.8.8',
34 silly install resolved     _shasum: '7b834cea3b3772137051a4c4bb696fb4fe61946e',
34 silly install resolved     _from: 'particle-cli@*',
34 silly install resolved     _npmVersion: '2.11.3',
34 silly install resolved     _nodeVersion: '0.12.7',
34 silly install resolved     _npmUser: { name: 'nexxy', email: 'emily@contactvibe.com' },
34 silly install resolved     dist:
34 silly install resolved      { shasum: '7b834cea3b3772137051a4c4bb696fb4fe61946e',
34 silly install resolved        tarball: 'http://registry.npmjs.org/particle-cli/-/particle-cli-1.8.8.tgz' },
34 silly install resolved     maintainers: [ [Object], [Object], [Object] ],
34 silly install resolved     directories: {},
34 silly install resolved     _resolved: 'https://registry.npmjs.org/particle-cli/-/particle-cli-1.8.8.tgz',
34 silly install resolved     readme: 'ERROR: No README data found!' } ]
35 info install particle-cli@1.8.8 into /usr/local/lib
36 info installOne particle-cli@1.8.8
37 verbose installOne of particle-cli to /usr/local/lib not in flight; installing
38 verbose lock using /Users/travis/.npm/_locks/particle-cli-da5fb63f9622b59a.lock for /usr/local/lib/node_modules/particle-cli
39 silly install write writing particle-cli 1.8.8 to /usr/local/lib/node_modules/particle-cli
40 verbose unbuild lib/node_modules/particle-cli
41 info preuninstall particle-cli@1.8.3
42 info uninstall particle-cli@1.8.3
43 verbose unbuild rmStuff particle-cli@1.8.3 from /usr/local/lib/node_modules
44 silly gentlyRm /usr/local/bin/particle is being gently removed
45 silly gentlyRm verifying /usr/local is an npm working directory
46 silly gentlyRm containing path /usr/local is under npm's control, in /usr/local
47 silly gentlyRm deletion target /usr/local/bin/particle is under /usr/local
48 verbose gentlyRm vacuuming from /usr/local/bin/particle up to /usr/local
49 info postuninstall particle-cli@1.8.3
50 silly gentlyRm /usr/local/lib/node_modules/particle-cli is being purged from base /usr/local
51 verbose gentlyRm don't care about contents; nuking /usr/local/lib/node_modules/particle-cli
52 silly vacuum-fs purging /usr/local/lib/node_modules/particle-cli
53 verbose unlock done using /Users/travis/.npm/_locks/particle-cli-da5fb63f9622b59a.lock for /usr/local/lib/node_modules/particle-cli
54 verbose stack Error: EACCES, unlink '/usr/local/lib/node_modules/particle-cli/.eslintrc'
54 verbose stack     at Error (native)
55 verbose cwd /Users/travis/webserver/mobicle
56 error Darwin 14.5.0
57 error argv "node" "/usr/local/bin/npm" "install" "-g" "particle-cli"
58 error node v0.12.7
59 error npm  v2.11.3
60 error path /usr/local/lib/node_modules/particle-cli/.eslintrc
61 error code EACCES
62 error errno -13
63 error Error: EACCES, unlink '/usr/local/lib/node_modules/particle-cli/.eslintrc'
63 error     at Error (native)
63 error  { [Error: EACCES, unlink '/usr/local/lib/node_modules/particle-cli/.eslintrc']
63 error   errno: -13,
63 error   code: 'EACCES',
63 error   path: '/usr/local/lib/node_modules/particle-cli/.eslintrc' }
64 error Please try running this command again as root/Administrator.
65 verbose exit [ -13, true ]
66 verbose unbuild lib/node_modules/particle-cli
67 info preuninstall particle-cli@1.8.3
68 info uninstall particle-cli@1.8.3
69 verbose unbuild rmStuff particle-cli@1.8.3 from /usr/local/lib/node_modules
70 silly gentlyRm /usr/local/bin/particle is being gently removed
71 silly gentlyRm verifying /usr/local is an npm working directory
72 silly gentlyRm containing path /usr/local is under npm's control, in /usr/local
73 silly gentlyRm deletion target /usr/local/bin/particle is under /usr/local
74 verbose gentlyRm vacuuming from /usr/local/bin/particle up to /usr/local
75 info postuninstall particle-cli@1.8.3
76 silly gentlyRm /usr/local/lib/node_modules/particle-cli is being purged from base /usr/local
77 verbose gentlyRm don't care about contents; nuking /usr/local/lib/node_modules/particle-cli
78 silly vacuum-fs purging /usr/local/lib/node_modules/particle-cli
79 error error rolling back Error: EACCES, unlink '/usr/local/lib/node_modules/particle-cli/.eslintrc'
79 error error rolling back     at Error (native)
79 error error rolling back  { [Error: EACCES, unlink '/usr/local/lib/node_modules/particle-cli/.eslintrc']
79 error error rolling back   errno: -13,
79 error error rolling back   code: 'EACCES',
79 error error rolling back   path: '/usr/local/lib/node_modules/particle-cli/.eslintrc' }
